<?xml version="1.0" encoding="UTF-8"?>
<testng-results ignored="0" total="2" passed="2" failed="0" skipped="0">
  <reporter-output>
  </reporter-output>
  <suite started-at="2022-06-12T22:59:10 IST" name="Default suite" finished-at="2022-06-12T22:59:10 IST" duration-ms="33">
    <groups>
    </groups>
    <test started-at="2022-06-12T22:59:10 IST" name="Default test" finished-at="2022-06-12T22:59:10 IST" duration-ms="33">
      <class name="FactoryAnnotationTest1">
        <test-method signature="test1()[pri:0, instance:FactoryAnnotationTest1@346d61be, instance params:[]]" started-at="2022-06-12T22:59:10 IST" name="test1" finished-at="2022-06-12T22:59:10 IST" duration-ms="6" status="PASS">
          <reporter-output>
          </reporter-output>
        </test-method> <!-- test1 -->
      </class> <!-- FactoryAnnotationTest1 -->
      <class name="FactoryAnnotationTest2">
        <test-method signature="test2()[pri:0, instance:FactoryAnnotationTest2@4944252c, instance params:[]]" started-at="2022-06-12T22:59:10 IST" name="test2" finished-at="2022-06-12T22:59:10 IST" duration-ms="0" status="PASS">
          <reporter-output>
          </reporter-output>
        </test-method> <!-- test2 -->
      </class> <!-- FactoryAnnotationTest2 -->
    </test> <!-- Default test -->
  </suite> <!-- Default suite -->
</testng-results>
