<?xml version="1.0" encoding="UTF-8"?>
<testng-results ignored="0" total="2" passed="2" failed="0" skipped="0">
  <reporter-output>
  </reporter-output>
  <suite started-at="2024-06-04T19:06:40 IST" name="Default suite" finished-at="2024-06-04T19:06:40 IST" duration-ms="27">
    <groups>
    </groups>
    <test started-at="2024-06-04T19:06:40 IST" name="Default test" finished-at="2024-06-04T19:06:40 IST" duration-ms="27">
      <class name="FactoryAnnotationTest1">
        <test-method signature="test1()[pri:0, instance:FactoryAnnotationTest1@696da30b, instance params:[]]" started-at="2024-06-04T19:06:40 IST" name="test1" finished-at="2024-06-04T19:06:40 IST" duration-ms="5" status="PASS">
          <reporter-output>
          </reporter-output>
        </test-method> <!-- test1 -->
      </class> <!-- FactoryAnnotationTest1 -->
      <class name="FactoryAnnotationTest2">
        <test-method signature="test2()[pri:0, instance:FactoryAnnotationTest2@4e096385, instance params:[]]" started-at="2024-06-04T19:06:40 IST" name="test2" finished-at="2024-06-04T19:06:40 IST" duration-ms="1" status="PASS">
          <reporter-output>
          </reporter-output>
        </test-method> <!-- test2 -->
      </class> <!-- FactoryAnnotationTest2 -->
    </test> <!-- Default test -->
  </suite> <!-- Default suite -->
</testng-results>
